0 info it worked if it ends with ok
1 verbose cli [ '/global/home/namnhong/apps/node-v6.3.0-linux-x64/bin/node',
1 verbose cli   '/home/namnhong/apps/node-v6.3.0-linux-x64/bin/npm',
1 verbose cli   'start' ]
2 info using npm@3.10.3
3 info using node@v6.3.0
4 verbose stack Error: ENOENT: no such file or directory, open '/global/home/namnhong/crons-nam/package.json'
4 verbose stack     at Error (native)
5 verbose cwd /global/home/namnhong/crons-nam
6 error Linux 2.6.32-358.18.1.el6.x86_64
7 error argv "/global/home/namnhong/apps/node-v6.3.0-linux-x64/bin/node" "/home/namnhong/apps/node-v6.3.0-linux-x64/bin/npm" "start"
8 error node v6.3.0
9 error npm  v3.10.3
10 error path /global/home/namnhong/crons-nam/package.json
11 error code ENOENT
12 error errno -2
13 error syscall open
14 error enoent ENOENT: no such file or directory, open '/global/home/namnhong/crons-nam/package.json'
15 error enoent ENOENT: no such file or directory, open '/global/home/namnhong/crons-nam/package.json'
15 error enoent This is most likely not a problem with npm itself
15 error enoent and is related to npm not being able to find a file.
16 verbose exit [ -2, true ]
